<?xml version="1.0" encoding="UTF-8"?>
<testng-results skipped="0" failed="0" ignored="0" total="2" passed="2">
  <reporter-output>
  </reporter-output>
  <suite name="Default suite" duration-ms="18324" started-at="2017-06-26T14:53:56Z" finished-at="2017-06-26T14:54:14Z">
    <groups>
    </groups>
    <test name="Default test" duration-ms="18324" started-at="2017-06-26T14:53:56Z" finished-at="2017-06-26T14:54:14Z">
      <class name="ProgTestNG.Login">
        <test-method status="PASS" signature="precondition()[pri:0, instance:ProgTestNG.Login@47c62251]" name="precondition" is-config="true" duration-ms="10380" started-at="2017-06-26T20:23:56Z" finished-at="2017-06-26T20:24:06Z">
          <reporter-output>
          </reporter-output>
        </test-method> <!-- precondition -->
        <test-method status="PASS" signature="loginfail()[pri:0, instance:ProgTestNG.Login@47c62251]" name="loginfail" duration-ms="11" started-at="2017-06-26T20:24:06Z" finished-at="2017-06-26T20:24:06Z">
          <reporter-output>
          </reporter-output>
        </test-method> <!-- loginfail -->
        <test-method status="PASS" signature="postcondition()[pri:0, instance:ProgTestNG.Login@47c62251]" name="postcondition" is-config="true" duration-ms="95" started-at="2017-06-26T20:24:06Z" finished-at="2017-06-26T20:24:06Z">
          <reporter-output>
          </reporter-output>
        </test-method> <!-- postcondition -->
        <test-method status="PASS" signature="precondition()[pri:0, instance:ProgTestNG.Login@47c62251]" name="precondition" is-config="true" duration-ms="7718" started-at="2017-06-26T20:24:06Z" finished-at="2017-06-26T20:24:14Z">
          <reporter-output>
          </reporter-output>
        </test-method> <!-- precondition -->
        <test-method status="PASS" signature="loginsuccess1()[pri:0, instance:ProgTestNG.Login@47c62251]" name="loginsuccess1" duration-ms="4" started-at="2017-06-26T20:24:14Z" finished-at="2017-06-26T20:24:14Z">
          <reporter-output>
          </reporter-output>
        </test-method> <!-- loginsuccess1 -->
        <test-method status="PASS" signature="postcondition()[pri:0, instance:ProgTestNG.Login@47c62251]" name="postcondition" is-config="true" duration-ms="87" started-at="2017-06-26T20:24:14Z" finished-at="2017-06-26T20:24:14Z">
          <reporter-output>
          </reporter-output>
        </test-method> <!-- postcondition -->
      </class> <!-- ProgTestNG.Login -->
    </test> <!-- Default test -->
  </suite> <!-- Default suite -->
</testng-results>
